2025-06-09 21:36:58,824 - INFO - Polygon API connection test successful
2025-06-09 21:36:58,988 - INFO - CoinGecko connection test successful - BTC: $108,748.00
2025-06-09 21:36:58,989 - INFO - Found 1 emails in RECIPIENT_EMAILS
2025-06-09 21:36:58,990 - INFO - Client-Request-ID=7da24244-4571-11f0-b31e-900f0c4cc304 Unable to sign the request: Exception=Incorrect padding.
2025-06-09 21:36:58,990 - ERROR - Error creating table assetdata: Incorrect padding
2025-06-09 21:36:58,990 - INFO - Client-Request-ID=7da26938-4571-11f0-821b-900f0c4cc304 Unable to sign the request: Exception=Incorrect padding.
2025-06-09 21:36:58,991 - ERROR - Error creating table alerthistory: Incorrect padding
2025-06-09 21:36:58,991 - INFO - Client-Request-ID=7da29045-4571-11f0-8fae-900f0c4cc304 Unable to sign the request: Exception=Incorrect padding.
2025-06-09 21:36:58,992 - ERROR - Error creating table systemhealth: Incorrect padding
2025-06-09 21:36:58,992 - INFO - Client-Request-ID=7da2ce81-4571-11f0-8092-900f0c4cc304 Unable to sign the request: Exception=Incorrect padding.
2025-06-09 21:36:58,992 - ERROR - Error creating table monetarydata: Incorrect padding
2025-06-09 21:36:58,992 - INFO - Email configured for 1 recipients
2025-06-09 21:36:59,001 - INFO - Client-Request-ID=7da42e65-4571-11f0-a783-900f0c4cc304 Unable to sign the request: Exception=Incorrect padding.
2025-06-09 21:36:59,001 - ERROR - Error creating table assetdata: Incorrect padding
2025-06-09 21:36:59,002 - INFO - Client-Request-ID=7da42e66-4571-11f0-9c81-900f0c4cc304 Unable to sign the request: Exception=Incorrect padding.
2025-06-09 21:36:59,002 - ERROR - Error creating table alerthistory: Incorrect padding
2025-06-09 21:36:59,002 - INFO - Client-Request-ID=7da45ba4-4571-11f0-994d-900f0c4cc304 Unable to sign the request: Exception=Incorrect padding.
2025-06-09 21:36:59,002 - ERROR - Error creating table systemhealth: Incorrect padding
2025-06-09 21:36:59,002 - INFO - Client-Request-ID=7da45ba5-4571-11f0-b835-900f0c4cc304 Unable to sign the request: Exception=Incorrect padding.
2025-06-09 21:36:59,003 - ERROR - Error creating table monetarydata: Incorrect padding
2025-06-09 21:36:59,003 - INFO - Starting HYBRID BTC data collection...
2025-06-09 21:37:14,296 - INFO - Daily EMA200 calculated: $91938.31 (using 451 days of data)
2025-06-09 21:37:29,456 - INFO - Weekly RSI calculated: 76.6 (using 105 weeks of data)
2025-06-09 21:37:29,458 - INFO - Collecting MVRV data from TradingView...
2025-06-09 21:38:12,782 - INFO - Starting MSTR analysis with improved options logic...
2025-06-09 21:38:27,223 - INFO - Model price element text: '$485'
2025-06-09 21:38:27,266 - INFO - Deviation element text: 'Undervalued by 19.1%'
2025-06-09 21:39:06,639 - INFO - Starting FIXED monetary policy analysis with proper date handling...
2025-06-09 21:39:06,641 - INFO - Client-Request-ID=c9b86d3c-4571-11f0-a706-900f0c4cc304 Unable to sign the request: Exception=Incorrect padding.
2025-06-09 21:39:06,641 - WARNING - Cache check failed: Incorrect padding
2025-06-09 21:39:06,641 - INFO - Fetching fresh FRED data with proper historical periods...
2025-06-09 21:39:10,063 - INFO - Client-Request-ID=cbc2974e-4571-11f0-90e9-900f0c4cc304 Unable to sign the request: Exception=Incorrect padding.
2025-06-09 21:39:10,063 - ERROR - Error caching FIXED monetary data: Incorrect padding
2025-06-09 21:39:10,271 - INFO - Starting HIGH QUALITY Bitcoin Laws screenshot capture...
2025-06-09 21:40:04,909 - INFO - HIGH QUALITY Bitcoin Laws screenshot: 800x600, 97,132 chars
2025-06-09 21:40:07,432 - INFO - Client-Request-ID=edf46f2c-4571-11f0-87cd-900f0c4cc304 Unable to sign the request: Exception=Incorrect padding.
2025-06-09 21:40:07,432 - ERROR - Error storing data for BTC: Incorrect padding
2025-06-09 21:40:07,432 - INFO - Client-Request-ID=edf46f2d-4571-11f0-b87e-900f0c4cc304 Unable to sign the request: Exception=Incorrect padding.
2025-06-09 21:40:07,432 - ERROR - Error storing data for MSTR: Incorrect padding
2025-06-09 21:40:07,432 - INFO - Client-Request-ID=edf46f2e-4571-11f0-bace-900f0c4cc304 Unable to sign the request: Exception=Incorrect padding.
2025-06-09 21:40:07,432 - ERROR - Error storing collection summary: Incorrect padding
2025-06-09 21:40:07,432 - INFO - Data storage complete: 0 successful, 2 failed
2025-06-09 21:40:07,432 - INFO - Original image size: 800x600
2025-06-09 21:40:07,449 - INFO - Uploading 79,568 character image to Imgur...
2025-06-09 21:40:09,128 - INFO - Client-Request-ID=eef726e5-4571-11f0-a102-900f0c4cc304 Unable to sign the request: Exception=Incorrect padding.
2025-06-09 21:40:09,128 - ERROR - Error getting signal state: Incorrect padding
2025-06-09 21:40:09,134 - INFO - Client-Request-ID=eef82162-4571-11f0-b5be-900f0c4cc304 Unable to sign the request: Exception=Incorrect padding.
2025-06-09 21:40:09,134 - ERROR - Error saving signal state: Incorrect padding
2025-06-09 21:40:11,244 - INFO - Email sent successfully to 1 recipients
2025-06-09 21:40:11,245 - INFO - Enhanced Bitcoin + MSTR + Laws report sent to 1 recipients
